<?xml version="1.0" encoding="UTF-8"?>
<coverage generated="1749407172035" clover="3.2.0">
  <project timestamp="1749407172036" name="All files">
    <metrics statements="188" coveredstatements="129" conditionals="34" coveredconditionals="16" methods="56" coveredmethods="49" elements="278" coveredelements="194" complexity="0" loc="188" ncloc="188" packages="5" files="13" classes="13"/>
    <package name="src">
      <metrics statements="63" coveredstatements="41" conditionals="18" coveredconditionals="2" methods="11" coveredmethods="11"/>
      <file name="App.tsx" path="/Users/dsmac/Desktop/Learning/Launch School/capstone/react/shopping_cart_boilerplate/client/src/App.tsx">
        <metrics statements="62" coveredstatements="41" conditionals="18" coveredconditionals="2" methods="11" coveredmethods="11"/>
        <line num="11" count="1" type="stmt"/>
        <line num="12" count="33" type="stmt"/>
        <line num="13" count="33" type="stmt"/>
        <line num="15" count="33" type="stmt"/>
        <line num="16" count="14" type="stmt"/>
        <line num="17" count="14" type="stmt"/>
        <line num="18" count="14" type="stmt"/>
        <line num="19" count="14" type="stmt"/>
        <line num="21" count="0" type="stmt"/>
        <line num="22" count="0" type="cond" truecount="0" falsecount="2"/>
        <line num="23" count="0" type="stmt"/>
        <line num="27" count="14" type="stmt"/>
        <line num="28" count="14" type="stmt"/>
        <line num="29" count="14" type="stmt"/>
        <line num="30" count="14" type="stmt"/>
        <line num="32" count="0" type="stmt"/>
        <line num="33" count="0" type="cond" truecount="0" falsecount="2"/>
        <line num="34" count="0" type="stmt"/>
        <line num="38" count="14" type="stmt"/>
        <line num="39" count="14" type="stmt"/>
        <line num="42" count="33" type="stmt"/>
        <line num="46" count="1" type="stmt"/>
        <line num="47" count="1" type="stmt"/>
        <line num="48" count="1" type="stmt"/>
        <line num="49" count="1" type="cond" truecount="1" falsecount="1"/>
        <line num="50" count="1" type="stmt"/>
        <line num="53" count="0" type="stmt"/>
        <line num="54" count="0" type="cond" truecount="0" falsecount="2"/>
        <line num="55" count="0" type="stmt"/>
        <line num="60" count="33" type="stmt"/>
        <line num="61" count="1" type="stmt"/>
        <line num="62" count="1" type="stmt"/>
        <line num="63" count="1" type="stmt"/>
        <line num="64" count="1" type="cond" truecount="1" falsecount="1"/>
        <line num="65" count="1" type="stmt"/>
        <line num="68" count="0" type="stmt"/>
        <line num="69" count="0" type="cond" truecount="0" falsecount="2"/>
        <line num="70" count="0" type="stmt"/>
        <line num="75" count="33" type="stmt"/>
        <line num="76" count="1" type="stmt"/>
        <line num="77" count="1" type="stmt"/>
        <line num="78" count="1" type="stmt"/>
        <line num="79" count="2" type="stmt"/>
        <line num="82" count="0" type="stmt"/>
        <line num="83" count="0" type="cond" truecount="0" falsecount="2"/>
        <line num="84" count="0" type="stmt"/>
        <line num="89" count="33" type="stmt"/>
        <line num="90" count="1" type="stmt"/>
        <line num="91" count="1" type="stmt"/>
        <line num="92" count="1" type="stmt"/>
        <line num="93" count="1" type="stmt"/>
        <line num="95" count="0" type="stmt"/>
        <line num="96" count="0" type="cond" truecount="0" falsecount="2"/>
        <line num="97" count="0" type="stmt"/>
        <line num="102" count="33" type="stmt"/>
        <line num="103" count="1" type="stmt"/>
        <line num="104" count="1" type="stmt"/>
        <line num="105" count="1" type="stmt"/>
        <line num="107" count="0" type="stmt"/>
        <line num="108" count="0" type="cond" truecount="0" falsecount="2"/>
        <line num="109" count="0" type="stmt"/>
        <line num="114" count="33" type="stmt"/>
      </file>
      <file name="main.tsx" path="/Users/dsmac/Desktop/Learning/Launch School/capstone/react/shopping_cart_boilerplate/client/src/main.tsx">
        <metrics statements="1" coveredstatements="0" conditionals="0" coveredconditionals="0" methods="0" coveredmethods="0"/>
        <line num="5" count="0" type="stmt"/>
      </file>
    </package>
    <package name="src.components">
      <metrics statements="62" coveredstatements="61" conditionals="8" coveredconditionals="7" methods="30" coveredmethods="30"/>
      <file name="AddProductForm.tsx" path="/Users/dsmac/Desktop/Learning/Launch School/capstone/react/shopping_cart_boilerplate/client/src/components/AddProductForm.tsx">
        <metrics statements="9" coveredstatements="9" conditionals="0" coveredconditionals="0" methods="2" coveredmethods="2"/>
        <line num="13" count="1" type="stmt"/>
        <line num="17" count="40" type="stmt"/>
        <line num="18" count="40" type="stmt"/>
        <line num="19" count="40" type="stmt"/>
        <line num="21" count="40" type="stmt"/>
        <line num="22" count="1" type="stmt"/>
        <line num="23" count="1" type="stmt"/>
        <line num="24" count="1" type="stmt"/>
        <line num="27" count="40" type="stmt"/>
      </file>
      <file name="Cart.tsx" path="/Users/dsmac/Desktop/Learning/Launch School/capstone/react/shopping_cart_boilerplate/client/src/components/Cart.tsx">
        <metrics statements="7" coveredstatements="7" conditionals="2" coveredconditionals="2" methods="4" coveredmethods="4"/>
        <line num="9" count="1" type="stmt"/>
        <line num="10" count="33" type="stmt"/>
        <line num="11" count="28" type="stmt"/>
        <line num="19" count="33" type="stmt"/>
        <line num="20" count="5" type="stmt"/>
        <line num="22" count="1" type="stmt"/>
        <line num="28" count="33" type="stmt"/>
      </file>
      <file name="CartTable.tsx" path="/Users/dsmac/Desktop/Learning/Launch School/capstone/react/shopping_cart_boilerplate/client/src/components/CartTable.tsx">
        <metrics statements="6" coveredstatements="6" conditionals="0" coveredconditionals="0" methods="4" coveredmethods="4"/>
        <line num="7" count="1" type="stmt"/>
        <line num="8" count="5" type="stmt"/>
        <line num="9" count="5" type="stmt"/>
        <line num="11" count="10" type="stmt"/>
        <line num="15" count="5" type="stmt"/>
        <line num="26" count="10" type="stmt"/>
      </file>
      <file name="EditProductForm.tsx" path="/Users/dsmac/Desktop/Learning/Launch School/capstone/react/shopping_cart_boilerplate/client/src/components/EditProductForm.tsx">
        <metrics statements="9" coveredstatements="9" conditionals="0" coveredconditionals="0" methods="2" coveredmethods="2"/>
        <line num="10" count="1" type="stmt"/>
        <line num="15" count="24" type="stmt"/>
        <line num="16" count="24" type="stmt"/>
        <line num="17" count="24" type="stmt"/>
        <line num="19" count="24" type="stmt"/>
        <line num="20" count="1" type="stmt"/>
        <line num="21" count="1" type="stmt"/>
        <line num="27" count="1" type="stmt"/>
        <line num="30" count="24" type="stmt"/>
      </file>
      <file name="FormInputs.tsx" path="/Users/dsmac/Desktop/Learning/Launch School/capstone/react/shopping_cart_boilerplate/client/src/components/FormInputs.tsx">
        <metrics statements="5" coveredstatements="5" conditionals="0" coveredconditionals="0" methods="4" coveredmethods="4"/>
        <line num="12" count="1" type="stmt"/>
        <line num="20" count="64" type="stmt"/>
        <line num="30" count="34" type="stmt"/>
        <line num="41" count="13" type="stmt"/>
        <line num="56" count="10" type="stmt"/>
      </file>
      <file name="ProductDisplay.tsx" path="/Users/dsmac/Desktop/Learning/Launch School/capstone/react/shopping_cart_boilerplate/client/src/components/ProductDisplay.tsx">
        <metrics statements="15" coveredstatements="14" conditionals="4" coveredconditionals="3" methods="7" coveredmethods="7"/>
        <line num="12" count="1" type="stmt"/>
        <line num="18" count="24" type="stmt"/>
        <line num="19" count="24" type="stmt"/>
        <line num="20" count="5" type="stmt"/>
        <line num="22" count="24" type="stmt"/>
        <line num="23" count="1" type="stmt"/>
        <line num="24" count="1" type="cond" truecount="1" falsecount="1"/>
        <line num="25" count="0" type="stmt"/>
        <line num="27" count="1" type="stmt"/>
        <line num="31" count="24" type="stmt"/>
        <line num="32" count="21" type="stmt"/>
        <line num="44" count="24" type="stmt"/>
        <line num="45" count="3" type="stmt"/>
        <line num="52" count="24" type="stmt"/>
        <line num="61" count="1" type="stmt"/>
      </file>
      <file name="ProductListing.tsx" path="/Users/dsmac/Desktop/Learning/Launch School/capstone/react/shopping_cart_boilerplate/client/src/components/ProductListing.tsx">
        <metrics statements="3" coveredstatements="3" conditionals="0" coveredconditionals="0" methods="2" coveredmethods="2"/>
        <line num="11" count="1" type="stmt"/>
        <line num="17" count="33" type="stmt"/>
        <line num="22" count="20" type="stmt"/>
      </file>
      <file name="ToggleableAddProductForm.tsx" path="/Users/dsmac/Desktop/Learning/Launch School/capstone/react/shopping_cart_boilerplate/client/src/components/ToggleableAddProductForm.tsx">
        <metrics statements="8" coveredstatements="8" conditionals="2" coveredconditionals="2" methods="5" coveredmethods="5"/>
        <line num="9" count="1" type="stmt"/>
        <line num="12" count="38" type="stmt"/>
        <line num="13" count="38" type="stmt"/>
        <line num="15" count="38" type="stmt"/>
        <line num="16" count="4" type="stmt"/>
        <line num="22" count="38" type="stmt"/>
        <line num="23" count="34" type="stmt"/>
        <line num="30" count="38" type="cond" truecount="2" falsecount="0"/>
      </file>
    </package>
    <package name="src.services">
      <metrics statements="43" coveredstatements="8" conditionals="0" coveredconditionals="0" methods="7" coveredmethods="0"/>
      <file name="index.ts" path="/Users/dsmac/Desktop/Learning/Launch School/capstone/react/shopping_cart_boilerplate/client/src/services/index.ts">
        <metrics statements="43" coveredstatements="8" conditionals="0" coveredconditionals="0" methods="7" coveredmethods="0"/>
        <line num="6" count="1" type="stmt"/>
        <line num="8" count="1" type="stmt"/>
        <line num="9" count="0" type="stmt"/>
        <line num="10" count="0" type="stmt"/>
        <line num="11" count="0" type="stmt"/>
        <line num="13" count="0" type="stmt"/>
        <line num="14" count="0" type="stmt"/>
        <line num="18" count="1" type="stmt"/>
        <line num="19" count="0" type="stmt"/>
        <line num="20" count="0" type="stmt"/>
        <line num="21" count="0" type="stmt"/>
        <line num="23" count="0" type="stmt"/>
        <line num="24" count="0" type="stmt"/>
        <line num="28" count="1" type="stmt"/>
        <line num="29" count="0" type="stmt"/>
        <line num="30" count="0" type="stmt"/>
        <line num="34" count="0" type="stmt"/>
        <line num="36" count="0" type="stmt"/>
        <line num="37" count="0" type="stmt"/>
        <line num="41" count="1" type="stmt"/>
        <line num="42" count="0" type="stmt"/>
        <line num="43" count="0" type="stmt"/>
        <line num="44" count="0" type="stmt"/>
        <line num="46" count="0" type="stmt"/>
        <line num="47" count="0" type="stmt"/>
        <line num="51" count="1" type="stmt"/>
        <line num="52" count="0" type="stmt"/>
        <line num="53" count="0" type="stmt"/>
        <line num="54" count="0" type="stmt"/>
        <line num="56" count="0" type="stmt"/>
        <line num="57" count="0" type="stmt"/>
        <line num="61" count="1" type="stmt"/>
        <line num="62" count="0" type="stmt"/>
        <line num="63" count="0" type="stmt"/>
        <line num="66" count="0" type="stmt"/>
        <line num="68" count="0" type="stmt"/>
        <line num="69" count="0" type="stmt"/>
        <line num="73" count="1" type="stmt"/>
        <line num="74" count="0" type="stmt"/>
        <line num="75" count="0" type="stmt"/>
        <line num="76" count="0" type="stmt"/>
        <line num="78" count="0" type="stmt"/>
        <line num="79" count="0" type="stmt"/>
      </file>
    </package>
    <package name="src.types">
      <metrics statements="4" coveredstatements="4" conditionals="0" coveredconditionals="0" methods="0" coveredmethods="0"/>
      <file name="index.ts" path="/Users/dsmac/Desktop/Learning/Launch School/capstone/react/shopping_cart_boilerplate/client/src/types/index.ts">
        <metrics statements="4" coveredstatements="4" conditionals="0" coveredconditionals="0" methods="0" coveredmethods="0"/>
        <line num="3" count="1" type="stmt"/>
        <line num="16" count="1" type="stmt"/>
        <line num="22" count="1" type="stmt"/>
        <line num="28" count="1" type="stmt"/>
      </file>
    </package>
    <package name="src.utils">
      <metrics statements="16" coveredstatements="15" conditionals="8" coveredconditionals="7" methods="8" coveredmethods="8"/>
      <file name="index.ts" path="/Users/dsmac/Desktop/Learning/Launch School/capstone/react/shopping_cart_boilerplate/client/src/utils/index.ts">
        <metrics statements="16" coveredstatements="15" conditionals="8" coveredconditionals="7" methods="8" coveredmethods="8"/>
        <line num="4" count="1" type="stmt"/>
        <line num="8" count="3" type="stmt"/>
        <line num="9" count="3" type="cond" truecount="2" falsecount="0"/>
        <line num="10" count="2" type="stmt"/>
        <line num="11" count="4" type="cond" truecount="2" falsecount="0"/>
        <line num="12" count="2" type="stmt"/>
        <line num="14" count="2" type="stmt"/>
        <line num="18" count="1" type="stmt"/>
        <line num="23" count="1" type="stmt"/>
        <line num="27" count="1" type="stmt"/>
        <line num="28" count="2" type="cond" truecount="1" falsecount="1"/>
        <line num="29" count="1" type="stmt"/>
        <line num="30" count="2" type="cond" truecount="2" falsecount="0"/>
        <line num="31" count="1" type="stmt"/>
        <line num="33" count="1" type="stmt"/>
        <line num="37" count="0" type="stmt"/>
      </file>
    </package>
  </project>
</coverage>
