{"/Users/dsmac/Desktop/Learning/Launch School/capstone/react/shopping_cart_boilerplate/client/src/App.tsx": {"path":"/Users/dsmac/Desktop/Learning/Launch School/capstone/react/shopping_cart_boilerplate/client/src/App.tsx","statementMap":{"0":{"start":{"line":11,"column":12},"end":{"line":131,"column":null}},"1":{"start":{"line":12,"column":34},"end":{"line":12,"column":null}},"2":{"start":{"line":13,"column":36},"end":{"line":13,"column":null}},"3":{"start":{"line":15,"column":2},"end":{"line":40,"column":null}},"4":{"start":{"line":16,"column":31},"end":{"line":26,"column":null}},"5":{"start":{"line":17,"column":6},"end":{"line":25,"column":null}},"6":{"start":{"line":18,"column":28},"end":{"line":18,"column":null}},"7":{"start":{"line":19,"column":8},"end":{"line":19,"column":null}},"8":{"start":{"line":21,"column":8},"end":{"line":21,"column":null}},"9":{"start":{"line":22,"column":8},"end":{"line":24,"column":null}},"10":{"start":{"line":23,"column":10},"end":{"line":23,"column":null}},"11":{"start":{"line":27,"column":27},"end":{"line":37,"column":null}},"12":{"start":{"line":28,"column":6},"end":{"line":36,"column":null}},"13":{"start":{"line":29,"column":25},"end":{"line":29,"column":null}},"14":{"start":{"line":30,"column":8},"end":{"line":30,"column":null}},"15":{"start":{"line":32,"column":8},"end":{"line":32,"column":null}},"16":{"start":{"line":33,"column":8},"end":{"line":35,"column":null}},"17":{"start":{"line":34,"column":10},"end":{"line":34,"column":null}},"18":{"start":{"line":38,"column":4},"end":{"line":38,"column":null}},"19":{"start":{"line":39,"column":4},"end":{"line":39,"column":null}},"20":{"start":{"line":42,"column":30},"end":{"line":58,"column":null}},"21":{"start":{"line":46,"column":4},"end":{"line":57,"column":null}},"22":{"start":{"line":47,"column":27},"end":{"line":47,"column":null}},"23":{"start":{"line":48,"column":6},"end":{"line":48,"column":null}},"24":{"start":{"line":49,"column":6},"end":{"line":51,"column":null}},"25":{"start":{"line":50,"column":8},"end":{"line":50,"column":null}},"26":{"start":{"line":53,"column":6},"end":{"line":53,"column":null}},"27":{"start":{"line":54,"column":6},"end":{"line":56,"column":null}},"28":{"start":{"line":55,"column":8},"end":{"line":55,"column":null}},"29":{"start":{"line":60,"column":28},"end":{"line":73,"column":null}},"30":{"start":{"line":61,"column":4},"end":{"line":72,"column":null}},"31":{"start":{"line":62,"column":29},"end":{"line":62,"column":null}},"32":{"start":{"line":63,"column":6},"end":{"line":63,"column":null}},"33":{"start":{"line":64,"column":6},"end":{"line":66,"column":null}},"34":{"start":{"line":65,"column":8},"end":{"line":65,"column":null}},"35":{"start":{"line":68,"column":6},"end":{"line":68,"column":null}},"36":{"start":{"line":69,"column":6},"end":{"line":71,"column":null}},"37":{"start":{"line":70,"column":8},"end":{"line":70,"column":null}},"38":{"start":{"line":75,"column":30},"end":{"line":87,"column":null}},"39":{"start":{"line":76,"column":4},"end":{"line":86,"column":null}},"40":{"start":{"line":77,"column":6},"end":{"line":77,"column":null}},"41":{"start":{"line":78,"column":6},"end":{"line":80,"column":null}},"42":{"start":{"line":79,"column":8},"end":{"line":79,"column":null}},"43":{"start":{"line":79,"column":48},"end":{"line":79,"column":73}},"44":{"start":{"line":82,"column":6},"end":{"line":82,"column":null}},"45":{"start":{"line":83,"column":6},"end":{"line":85,"column":null}},"46":{"start":{"line":84,"column":8},"end":{"line":84,"column":null}},"47":{"start":{"line":89,"column":26},"end":{"line":100,"column":null}},"48":{"start":{"line":90,"column":4},"end":{"line":99,"column":null}},"49":{"start":{"line":91,"column":24},"end":{"line":91,"column":null}},"50":{"start":{"line":92,"column":6},"end":{"line":92,"column":null}},"51":{"start":{"line":93,"column":6},"end":{"line":93,"column":null}},"52":{"start":{"line":95,"column":6},"end":{"line":95,"column":null}},"53":{"start":{"line":96,"column":6},"end":{"line":98,"column":null}},"54":{"start":{"line":97,"column":8},"end":{"line":97,"column":null}},"55":{"start":{"line":102,"column":25},"end":{"line":112,"column":null}},"56":{"start":{"line":103,"column":4},"end":{"line":111,"column":null}},"57":{"start":{"line":104,"column":6},"end":{"line":104,"column":null}},"58":{"start":{"line":105,"column":6},"end":{"line":105,"column":null}},"59":{"start":{"line":107,"column":6},"end":{"line":107,"column":null}},"60":{"start":{"line":108,"column":6},"end":{"line":110,"column":null}},"61":{"start":{"line":109,"column":8},"end":{"line":109,"column":null}},"62":{"start":{"line":114,"column":2},"end":{"line":129,"column":null}}},"fnMap":{"0":{"name":"(anonymous_0)","decl":{"start":{"line":11,"column":12},"end":{"line":11,"column":18}},"loc":{"start":{"line":11,"column":18},"end":{"line":131,"column":null}}},"1":{"name":"(anonymous_1)","decl":{"start":{"line":15,"column":18},"end":{"line":15,"column":24}},"loc":{"start":{"line":15,"column":24},"end":{"line":40,"column":5}}},"2":{"name":"(anonymous_2)","decl":{"start":{"line":16,"column":31},"end":{"line":16,"column":43}},"loc":{"start":{"line":16,"column":43},"end":{"line":26,"column":null}}},"3":{"name":"(anonymous_3)","decl":{"start":{"line":27,"column":27},"end":{"line":27,"column":39}},"loc":{"start":{"line":27,"column":39},"end":{"line":37,"column":null}}},"4":{"name":"(anonymous_4)","decl":{"start":{"line":42,"column":30},"end":{"line":42,"column":null}},"loc":{"start":{"line":45,"column":7},"end":{"line":58,"column":null}}},"5":{"name":"(anonymous_5)","decl":{"start":{"line":60,"column":28},"end":{"line":60,"column":35}},"loc":{"start":{"line":60,"column":79},"end":{"line":73,"column":null}}},"6":{"name":"(anonymous_6)","decl":{"start":{"line":75,"column":30},"end":{"line":75,"column":37}},"loc":{"start":{"line":75,"column":59},"end":{"line":87,"column":null}}},"7":{"name":"(anonymous_7)","decl":{"start":{"line":78,"column":18},"end":{"line":78,"column":19}},"loc":{"start":{"line":78,"column":36},"end":{"line":80,"column":7}}},"8":{"name":"(anonymous_8)","decl":{"start":{"line":79,"column":35},"end":{"line":79,"column":36}},"loc":{"start":{"line":79,"column":48},"end":{"line":79,"column":73}}},"9":{"name":"(anonymous_9)","decl":{"start":{"line":89,"column":26},"end":{"line":89,"column":33}},"loc":{"start":{"line":89,"column":55},"end":{"line":100,"column":null}}},"10":{"name":"(anonymous_10)","decl":{"start":{"line":102,"column":25},"end":{"line":102,"column":37}},"loc":{"start":{"line":102,"column":37},"end":{"line":112,"column":null}}}},"branchMap":{"0":{"loc":{"start":{"line":22,"column":8},"end":{"line":24,"column":null}},"type":"if","locations":[{"start":{"line":22,"column":8},"end":{"line":24,"column":null}},{"start":{},"end":{}}]},"1":{"loc":{"start":{"line":33,"column":8},"end":{"line":35,"column":null}},"type":"if","locations":[{"start":{"line":33,"column":8},"end":{"line":35,"column":null}},{"start":{},"end":{}}]},"2":{"loc":{"start":{"line":49,"column":6},"end":{"line":51,"column":null}},"type":"if","locations":[{"start":{"line":49,"column":6},"end":{"line":51,"column":null}},{"start":{},"end":{}}]},"3":{"loc":{"start":{"line":54,"column":6},"end":{"line":56,"column":null}},"type":"if","locations":[{"start":{"line":54,"column":6},"end":{"line":56,"column":null}},{"start":{},"end":{}}]},"4":{"loc":{"start":{"line":64,"column":6},"end":{"line":66,"column":null}},"type":"if","locations":[{"start":{"line":64,"column":6},"end":{"line":66,"column":null}},{"start":{},"end":{}}]},"5":{"loc":{"start":{"line":69,"column":6},"end":{"line":71,"column":null}},"type":"if","locations":[{"start":{"line":69,"column":6},"end":{"line":71,"column":null}},{"start":{},"end":{}}]},"6":{"loc":{"start":{"line":83,"column":6},"end":{"line":85,"column":null}},"type":"if","locations":[{"start":{"line":83,"column":6},"end":{"line":85,"column":null}},{"start":{},"end":{}}]},"7":{"loc":{"start":{"line":96,"column":6},"end":{"line":98,"column":null}},"type":"if","locations":[{"start":{"line":96,"column":6},"end":{"line":98,"column":null}},{"start":{},"end":{}}]},"8":{"loc":{"start":{"line":108,"column":6},"end":{"line":110,"column":null}},"type":"if","locations":[{"start":{"line":108,"column":6},"end":{"line":110,"column":null}},{"start":{},"end":{}}]}},"s":{"0":1,"1":33,"2":33,"3":33,"4":14,"5":14,"6":14,"7":14,"8":0,"9":0,"10":0,"11":14,"12":14,"13":14,"14":14,"15":0,"16":0,"17":0,"18":14,"19":14,"20":33,"21":1,"22":1,"23":1,"24":1,"25":1,"26":0,"27":0,"28":0,"29":33,"30":1,"31":1,"32":1,"33":1,"34":1,"35":0,"36":0,"37":0,"38":33,"39":1,"40":1,"41":1,"42":1,"43":2,"44":0,"45":0,"46":0,"47":33,"48":1,"49":1,"50":1,"51":1,"52":0,"53":0,"54":0,"55":33,"56":1,"57":1,"58":1,"59":0,"60":0,"61":0,"62":33},"f":{"0":33,"1":14,"2":14,"3":14,"4":1,"5":1,"6":1,"7":1,"8":2,"9":1,"10":1},"b":{"0":[0,0],"1":[0,0],"2":[1,0],"3":[0,0],"4":[1,0],"5":[0,0],"6":[0,0],"7":[0,0],"8":[0,0]}}
,"/Users/dsmac/Desktop/Learning/Launch School/capstone/react/shopping_cart_boilerplate/client/src/main.tsx": {"path":"/Users/dsmac/Desktop/Learning/Launch School/capstone/react/shopping_cart_boilerplate/client/src/main.tsx","statementMap":{"0":{"start":{"line":5,"column":0},"end":{"line":9,"column":null}}},"fnMap":{},"branchMap":{},"s":{"0":0},"f":{},"b":{}}
,"/Users/dsmac/Desktop/Learning/Launch School/capstone/react/shopping_cart_boilerplate/client/src/components/AddProductForm.tsx": {"path":"/Users/dsmac/Desktop/Learning/Launch School/capstone/react/shopping_cart_boilerplate/client/src/components/AddProductForm.tsx","statementMap":{"0":{"start":{"line":13,"column":30},"end":{"line":47,"column":null}},"1":{"start":{"line":17,"column":28},"end":{"line":17,"column":null}},"2":{"start":{"line":18,"column":34},"end":{"line":18,"column":null}},"3":{"start":{"line":19,"column":28},"end":{"line":19,"column":null}},"4":{"start":{"line":21,"column":23},"end":{"line":25,"column":null}},"5":{"start":{"line":22,"column":4},"end":{"line":22,"column":null}},"6":{"start":{"line":23,"column":39},"end":{"line":23,"column":null}},"7":{"start":{"line":24,"column":4},"end":{"line":24,"column":null}},"8":{"start":{"line":27,"column":2},"end":{"line":45,"column":null}}},"fnMap":{"0":{"name":"(anonymous_0)","decl":{"start":{"line":13,"column":30},"end":{"line":13,"column":31}},"loc":{"start":{"line":16,"column":27},"end":{"line":47,"column":null}}},"1":{"name":"(anonymous_1)","decl":{"start":{"line":21,"column":23},"end":{"line":21,"column":30}},"loc":{"start":{"line":21,"column":57},"end":{"line":25,"column":null}}}},"branchMap":{},"s":{"0":1,"1":40,"2":40,"3":40,"4":40,"5":1,"6":1,"7":1,"8":40},"f":{"0":40,"1":1},"b":{}}
,"/Users/dsmac/Desktop/Learning/Launch School/capstone/react/shopping_cart_boilerplate/client/src/components/Cart.tsx": {"path":"/Users/dsmac/Desktop/Learning/Launch School/capstone/react/shopping_cart_boilerplate/client/src/components/Cart.tsx","statementMap":{"0":{"start":{"line":9,"column":20},"end":{"line":34,"column":null}},"1":{"start":{"line":10,"column":27},"end":{"line":16,"column":null}},"2":{"start":{"line":11,"column":4},"end":{"line":16,"column":null}},"3":{"start":{"line":19,"column":31},"end":{"line":25,"column":null}},"4":{"start":{"line":20,"column":4},"end":{"line":25,"column":null}},"5":{"start":{"line":22,"column":50},"end":{"line":22,"column":68}},"6":{"start":{"line":28,"column":2},"end":{"line":32,"column":null}}},"fnMap":{"0":{"name":"(anonymous_0)","decl":{"start":{"line":9,"column":20},"end":{"line":9,"column":21}},"loc":{"start":{"line":9,"column":66},"end":{"line":34,"column":null}}},"1":{"name":"(anonymous_1)","decl":{"start":{"line":10,"column":27},"end":{"line":10,"column":null}},"loc":{"start":{"line":11,"column":4},"end":{"line":16,"column":null}}},"2":{"name":"(anonymous_2)","decl":{"start":{"line":19,"column":31},"end":{"line":19,"column":null}},"loc":{"start":{"line":20,"column":4},"end":{"line":25,"column":null}}},"3":{"name":"(anonymous_3)","decl":{"start":{"line":22,"column":44},"end":{"line":22,"column":50}},"loc":{"start":{"line":22,"column":50},"end":{"line":22,"column":68}}}},"branchMap":{"0":{"loc":{"start":{"line":31,"column":7},"end":{"line":31,"column":null}},"type":"cond-expr","locations":[{"start":{"line":31,"column":32},"end":{"line":31,"column":53}},{"start":{"line":31,"column":53},"end":{"line":31,"column":null}}]}},"s":{"0":1,"1":33,"2":28,"3":33,"4":5,"5":1,"6":33},"f":{"0":33,"1":28,"2":5,"3":1},"b":{"0":[28,5]}}
,"/Users/dsmac/Desktop/Learning/Launch School/capstone/react/shopping_cart_boilerplate/client/src/components/CartTable.tsx": {"path":"/Users/dsmac/Desktop/Learning/Launch School/capstone/react/shopping_cart_boilerplate/client/src/components/CartTable.tsx","statementMap":{"0":{"start":{"line":7,"column":25},"end":{"line":44,"column":null}},"1":{"start":{"line":8,"column":29},"end":{"line":14,"column":null}},"2":{"start":{"line":9,"column":4},"end":{"line":13,"column":null}},"3":{"start":{"line":11,"column":8},"end":{"line":11,"column":null}},"4":{"start":{"line":15,"column":2},"end":{"line":42,"column":null}},"5":{"start":{"line":26,"column":10},"end":{"line":31,"column":null}}},"fnMap":{"0":{"name":"(anonymous_0)","decl":{"start":{"line":7,"column":25},"end":{"line":7,"column":26}},"loc":{"start":{"line":7,"column":60},"end":{"line":44,"column":null}}},"1":{"name":"(anonymous_1)","decl":{"start":{"line":8,"column":29},"end":{"line":8,"column":35}},"loc":{"start":{"line":8,"column":35},"end":{"line":14,"column":null}}},"2":{"name":"(anonymous_2)","decl":{"start":{"line":10,"column":6},"end":{"line":10,"column":7}},"loc":{"start":{"line":11,"column":8},"end":{"line":11,"column":null}}},"3":{"name":"(anonymous_3)","decl":{"start":{"line":25,"column":23},"end":{"line":25,"column":24}},"loc":{"start":{"line":25,"column":33},"end":{"line":33,"column":9}}}},"branchMap":{},"s":{"0":1,"1":5,"2":5,"3":10,"4":5,"5":10},"f":{"0":5,"1":5,"2":10,"3":10},"b":{}}
,"/Users/dsmac/Desktop/Learning/Launch School/capstone/react/shopping_cart_boilerplate/client/src/components/EditProductForm.tsx": {"path":"/Users/dsmac/Desktop/Learning/Launch School/capstone/react/shopping_cart_boilerplate/client/src/components/EditProductForm.tsx","statementMap":{"0":{"start":{"line":10,"column":31},"end":{"line":51,"column":null}},"1":{"start":{"line":15,"column":28},"end":{"line":15,"column":null}},"2":{"start":{"line":16,"column":34},"end":{"line":16,"column":null}},"3":{"start":{"line":17,"column":28},"end":{"line":17,"column":null}},"4":{"start":{"line":19,"column":23},"end":{"line":28,"column":null}},"5":{"start":{"line":20,"column":4},"end":{"line":20,"column":null}},"6":{"start":{"line":21,"column":36},"end":{"line":26,"column":null}},"7":{"start":{"line":27,"column":4},"end":{"line":27,"column":null}},"8":{"start":{"line":30,"column":2},"end":{"line":49,"column":null}}},"fnMap":{"0":{"name":"(anonymous_0)","decl":{"start":{"line":10,"column":31},"end":{"line":10,"column":32}},"loc":{"start":{"line":14,"column":28},"end":{"line":51,"column":null}}},"1":{"name":"(anonymous_1)","decl":{"start":{"line":19,"column":23},"end":{"line":19,"column":30}},"loc":{"start":{"line":19,"column":57},"end":{"line":28,"column":null}}}},"branchMap":{},"s":{"0":1,"1":24,"2":24,"3":24,"4":24,"5":1,"6":1,"7":1,"8":24},"f":{"0":24,"1":1},"b":{}}
,"/Users/dsmac/Desktop/Learning/Launch School/capstone/react/shopping_cart_boilerplate/client/src/components/FormInputs.tsx": {"path":"/Users/dsmac/Desktop/Learning/Launch School/capstone/react/shopping_cart_boilerplate/client/src/components/FormInputs.tsx","statementMap":{"0":{"start":{"line":12,"column":26},"end":{"line":66,"column":null}},"1":{"start":{"line":20,"column":2},"end":{"line":64,"column":null}},"2":{"start":{"line":30,"column":33},"end":{"line":30,"column":null}},"3":{"start":{"line":41,"column":33},"end":{"line":41,"column":null}},"4":{"start":{"line":56,"column":33},"end":{"line":56,"column":null}}},"fnMap":{"0":{"name":"(anonymous_0)","decl":{"start":{"line":12,"column":26},"end":{"line":12,"column":27}},"loc":{"start":{"line":19,"column":23},"end":{"line":66,"column":null}}},"1":{"name":"(anonymous_1)","decl":{"start":{"line":30,"column":22},"end":{"line":30,"column":23}},"loc":{"start":{"line":30,"column":33},"end":{"line":30,"column":null}}},"2":{"name":"(anonymous_2)","decl":{"start":{"line":41,"column":22},"end":{"line":41,"column":23}},"loc":{"start":{"line":41,"column":33},"end":{"line":41,"column":null}}},"3":{"name":"(anonymous_3)","decl":{"start":{"line":56,"column":22},"end":{"line":56,"column":23}},"loc":{"start":{"line":56,"column":33},"end":{"line":56,"column":null}}}},"branchMap":{},"s":{"0":1,"1":64,"2":34,"3":13,"4":10},"f":{"0":64,"1":34,"2":13,"3":10},"b":{}}
,"/Users/dsmac/Desktop/Learning/Launch School/capstone/react/shopping_cart_boilerplate/client/src/components/ProductDisplay.tsx": {"path":"/Users/dsmac/Desktop/Learning/Launch School/capstone/react/shopping_cart_boilerplate/client/src/components/ProductDisplay.tsx","statementMap":{"0":{"start":{"line":12,"column":30},"end":{"line":67,"column":null}},"1":{"start":{"line":18,"column":36},"end":{"line":18,"column":null}},"2":{"start":{"line":19,"column":35},"end":{"line":20,"column":null}},"3":{"start":{"line":20,"column":4},"end":{"line":20,"column":null}},"4":{"start":{"line":20,"column":35},"end":{"line":20,"column":48}},"5":{"start":{"line":22,"column":22},"end":{"line":29,"column":null}},"6":{"start":{"line":23,"column":4},"end":{"line":23,"column":null}},"7":{"start":{"line":24,"column":4},"end":{"line":28,"column":null}},"8":{"start":{"line":25,"column":6},"end":{"line":25,"column":null}},"9":{"start":{"line":27,"column":6},"end":{"line":27,"column":null}},"10":{"start":{"line":31,"column":25},"end":{"line":42,"column":null}},"11":{"start":{"line":32,"column":4},"end":{"line":40,"column":null}},"12":{"start":{"line":44,"column":26},"end":{"line":49,"column":null}},"13":{"start":{"line":45,"column":4},"end":{"line":49,"column":null}},"14":{"start":{"line":52,"column":2},"end":{"line":65,"column":null}},"15":{"start":{"line":61,"column":23},"end":{"line":61,"column":null}}},"fnMap":{"0":{"name":"(anonymous_0)","decl":{"start":{"line":12,"column":30},"end":{"line":12,"column":31}},"loc":{"start":{"line":17,"column":27},"end":{"line":67,"column":null}}},"1":{"name":"(anonymous_1)","decl":{"start":{"line":19,"column":35},"end":{"line":19,"column":null}},"loc":{"start":{"line":20,"column":4},"end":{"line":20,"column":null}}},"2":{"name":"(anonymous_2)","decl":{"start":{"line":20,"column":17},"end":{"line":20,"column":18}},"loc":{"start":{"line":20,"column":35},"end":{"line":20,"column":48}}},"3":{"name":"(anonymous_3)","decl":{"start":{"line":22,"column":22},"end":{"line":22,"column":23}},"loc":{"start":{"line":22,"column":51},"end":{"line":29,"column":null}}},"4":{"name":"(anonymous_4)","decl":{"start":{"line":31,"column":25},"end":{"line":31,"column":31}},"loc":{"start":{"line":31,"column":31},"end":{"line":42,"column":null}}},"5":{"name":"(anonymous_5)","decl":{"start":{"line":44,"column":26},"end":{"line":44,"column":null}},"loc":{"start":{"line":45,"column":4},"end":{"line":49,"column":null}}},"6":{"name":"(anonymous_6)","decl":{"start":{"line":61,"column":17},"end":{"line":61,"column":23}},"loc":{"start":{"line":61,"column":23},"end":{"line":61,"column":null}}}},"branchMap":{"0":{"loc":{"start":{"line":24,"column":4},"end":{"line":28,"column":null}},"type":"if","locations":[{"start":{"line":24,"column":4},"end":{"line":28,"column":null}},{"start":{"line":26,"column":11},"end":{"line":28,"column":null}}]},"1":{"loc":{"start":{"line":57,"column":7},"end":{"line":57,"column":null}},"type":"cond-expr","locations":[{"start":{"line":57,"column":19},"end":{"line":57,"column":39}},{"start":{"line":57,"column":39},"end":{"line":57,"column":null}}]}},"s":{"0":1,"1":24,"2":24,"3":5,"4":5,"5":24,"6":1,"7":1,"8":0,"9":1,"10":24,"11":21,"12":24,"13":3,"14":24,"15":1},"f":{"0":24,"1":5,"2":5,"3":1,"4":21,"5":3,"6":1},"b":{"0":[0,1],"1":[3,21]}}
,"/Users/dsmac/Desktop/Learning/Launch School/capstone/react/shopping_cart_boilerplate/client/src/components/ProductListing.tsx": {"path":"/Users/dsmac/Desktop/Learning/Launch School/capstone/react/shopping_cart_boilerplate/client/src/components/ProductListing.tsx","statementMap":{"0":{"start":{"line":11,"column":30},"end":{"line":36,"column":null}},"1":{"start":{"line":17,"column":2},"end":{"line":34,"column":null}},"2":{"start":{"line":22,"column":10},"end":{"line":31,"column":null}}},"fnMap":{"0":{"name":"(anonymous_0)","decl":{"start":{"line":11,"column":30},"end":{"line":11,"column":31}},"loc":{"start":{"line":16,"column":27},"end":{"line":36,"column":null}}},"1":{"name":"(anonymous_1)","decl":{"start":{"line":21,"column":22},"end":{"line":21,"column":23}},"loc":{"start":{"line":22,"column":10},"end":{"line":31,"column":null}}}},"branchMap":{},"s":{"0":1,"1":33,"2":20},"f":{"0":33,"1":20},"b":{}}
,"/Users/dsmac/Desktop/Learning/Launch School/capstone/react/shopping_cart_boilerplate/client/src/components/ToggleableAddProductForm.tsx": {"path":"/Users/dsmac/Desktop/Learning/Launch School/capstone/react/shopping_cart_boilerplate/client/src/components/ToggleableAddProductForm.tsx","statementMap":{"0":{"start":{"line":9,"column":40},"end":{"line":31,"column":null}},"1":{"start":{"line":12,"column":36},"end":{"line":12,"column":null}},"2":{"start":{"line":13,"column":27},"end":{"line":13,"column":null}},"3":{"start":{"line":13,"column":33},"end":{"line":13,"column":null}},"4":{"start":{"line":13,"column":64},"end":{"line":13,"column":77}},"5":{"start":{"line":15,"column":32},"end":{"line":19,"column":null}},"6":{"start":{"line":16,"column":4},"end":{"line":19,"column":null}},"7":{"start":{"line":22,"column":24},"end":{"line":27,"column":null}},"8":{"start":{"line":23,"column":4},"end":{"line":27,"column":null}},"9":{"start":{"line":30,"column":2},"end":{"line":30,"column":null}}},"fnMap":{"0":{"name":"(anonymous_0)","decl":{"start":{"line":9,"column":40},"end":{"line":9,"column":41}},"loc":{"start":{"line":11,"column":33},"end":{"line":31,"column":null}}},"1":{"name":"(anonymous_1)","decl":{"start":{"line":13,"column":27},"end":{"line":13,"column":33}},"loc":{"start":{"line":13,"column":33},"end":{"line":13,"column":null}}},"2":{"name":"(anonymous_2)","decl":{"start":{"line":13,"column":46},"end":{"line":13,"column":47}},"loc":{"start":{"line":13,"column":64},"end":{"line":13,"column":77}}},"3":{"name":"(anonymous_3)","decl":{"start":{"line":15,"column":32},"end":{"line":15,"column":null}},"loc":{"start":{"line":16,"column":4},"end":{"line":19,"column":null}}},"4":{"name":"(anonymous_4)","decl":{"start":{"line":22,"column":24},"end":{"line":22,"column":null}},"loc":{"start":{"line":23,"column":4},"end":{"line":27,"column":null}}}},"branchMap":{"0":{"loc":{"start":{"line":30,"column":12},"end":{"line":30,"column":66}},"type":"cond-expr","locations":[{"start":{"line":30,"column":24},"end":{"line":30,"column":50}},{"start":{"line":30,"column":50},"end":{"line":30,"column":66}}]}},"s":{"0":1,"1":38,"2":38,"3":6,"4":6,"5":38,"6":4,"7":38,"8":34,"9":38},"f":{"0":38,"1":6,"2":6,"3":4,"4":34},"b":{"0":[4,34]}}
,"/Users/dsmac/Desktop/Learning/Launch School/capstone/react/shopping_cart_boilerplate/client/src/services/index.ts": {"path":"/Users/dsmac/Desktop/Learning/Launch School/capstone/react/shopping_cart_boilerplate/client/src/services/index.ts","statementMap":{"0":{"start":{"line":6,"column":16},"end":{"line":6,"column":null}},"1":{"start":{"line":8,"column":23},"end":{"line":16,"column":null}},"2":{"start":{"line":9,"column":2},"end":{"line":15,"column":null}},"3":{"start":{"line":10,"column":21},"end":{"line":10,"column":null}},"4":{"start":{"line":11,"column":4},"end":{"line":11,"column":null}},"5":{"start":{"line":13,"column":4},"end":{"line":13,"column":null}},"6":{"start":{"line":14,"column":4},"end":{"line":14,"column":null}},"7":{"start":{"line":18,"column":25},"end":{"line":26,"column":null}},"8":{"start":{"line":19,"column":2},"end":{"line":25,"column":null}},"9":{"start":{"line":20,"column":21},"end":{"line":20,"column":null}},"10":{"start":{"line":21,"column":4},"end":{"line":21,"column":null}},"11":{"start":{"line":23,"column":4},"end":{"line":23,"column":null}},"12":{"start":{"line":24,"column":4},"end":{"line":24,"column":null}},"13":{"start":{"line":28,"column":20},"end":{"line":39,"column":null}},"14":{"start":{"line":29,"column":2},"end":{"line":38,"column":null}},"15":{"start":{"line":30,"column":21},"end":{"line":33,"column":null}},"16":{"start":{"line":34,"column":4},"end":{"line":34,"column":null}},"17":{"start":{"line":36,"column":4},"end":{"line":36,"column":null}},"18":{"start":{"line":37,"column":4},"end":{"line":37,"column":null}},"19":{"start":{"line":41,"column":22},"end":{"line":49,"column":null}},"20":{"start":{"line":42,"column":2},"end":{"line":48,"column":null}},"21":{"start":{"line":43,"column":4},"end":{"line":43,"column":null}},"22":{"start":{"line":44,"column":4},"end":{"line":44,"column":null}},"23":{"start":{"line":46,"column":4},"end":{"line":46,"column":null}},"24":{"start":{"line":47,"column":4},"end":{"line":47,"column":null}},"25":{"start":{"line":51,"column":27},"end":{"line":59,"column":null}},"26":{"start":{"line":52,"column":2},"end":{"line":58,"column":null}},"27":{"start":{"line":53,"column":21},"end":{"line":53,"column":null}},"28":{"start":{"line":54,"column":4},"end":{"line":54,"column":null}},"29":{"start":{"line":56,"column":4},"end":{"line":56,"column":null}},"30":{"start":{"line":57,"column":4},"end":{"line":57,"column":null}},"31":{"start":{"line":61,"column":18},"end":{"line":71,"column":null}},"32":{"start":{"line":62,"column":2},"end":{"line":70,"column":null}},"33":{"start":{"line":63,"column":21},"end":{"line":65,"column":null}},"34":{"start":{"line":66,"column":4},"end":{"line":66,"column":null}},"35":{"start":{"line":68,"column":4},"end":{"line":68,"column":null}},"36":{"start":{"line":69,"column":4},"end":{"line":69,"column":null}},"37":{"start":{"line":73,"column":17},"end":{"line":81,"column":null}},"38":{"start":{"line":74,"column":2},"end":{"line":80,"column":null}},"39":{"start":{"line":75,"column":4},"end":{"line":75,"column":null}},"40":{"start":{"line":76,"column":4},"end":{"line":76,"column":null}},"41":{"start":{"line":78,"column":4},"end":{"line":78,"column":null}},"42":{"start":{"line":79,"column":4},"end":{"line":79,"column":null}}},"fnMap":{"0":{"name":"(anonymous_0)","decl":{"start":{"line":8,"column":23},"end":{"line":8,"column":35}},"loc":{"start":{"line":8,"column":35},"end":{"line":16,"column":null}}},"1":{"name":"(anonymous_1)","decl":{"start":{"line":18,"column":25},"end":{"line":18,"column":32}},"loc":{"start":{"line":18,"column":63},"end":{"line":26,"column":null}}},"2":{"name":"(anonymous_2)","decl":{"start":{"line":28,"column":20},"end":{"line":28,"column":27}},"loc":{"start":{"line":28,"column":48},"end":{"line":39,"column":null}}},"3":{"name":"(anonymous_3)","decl":{"start":{"line":41,"column":22},"end":{"line":41,"column":29}},"loc":{"start":{"line":41,"column":51},"end":{"line":49,"column":null}}},"4":{"name":"(anonymous_4)","decl":{"start":{"line":51,"column":27},"end":{"line":51,"column":39}},"loc":{"start":{"line":51,"column":39},"end":{"line":59,"column":null}}},"5":{"name":"(anonymous_5)","decl":{"start":{"line":61,"column":18},"end":{"line":61,"column":25}},"loc":{"start":{"line":61,"column":47},"end":{"line":71,"column":null}}},"6":{"name":"(anonymous_6)","decl":{"start":{"line":73,"column":17},"end":{"line":73,"column":29}},"loc":{"start":{"line":73,"column":29},"end":{"line":81,"column":null}}}},"branchMap":{},"s":{"0":1,"1":1,"2":0,"3":0,"4":0,"5":0,"6":0,"7":1,"8":0,"9":0,"10":0,"11":0,"12":0,"13":1,"14":0,"15":0,"16":0,"17":0,"18":0,"19":1,"20":0,"21":0,"22":0,"23":0,"24":0,"25":1,"26":0,"27":0,"28":0,"29":0,"30":0,"31":1,"32":0,"33":0,"34":0,"35":0,"36":0,"37":1,"38":0,"39":0,"40":0,"41":0,"42":0},"f":{"0":0,"1":0,"2":0,"3":0,"4":0,"5":0,"6":0},"b":{}}
,"/Users/dsmac/Desktop/Learning/Launch School/capstone/react/shopping_cart_boilerplate/client/src/types/index.ts": {"path":"/Users/dsmac/Desktop/Learning/Launch School/capstone/react/shopping_cart_boilerplate/client/src/types/index.ts","statementMap":{"0":{"start":{"line":3,"column":29},"end":{"line":12,"column":null}},"1":{"start":{"line":16,"column":30},"end":{"line":18,"column":null}},"2":{"start":{"line":22,"column":28},"end":{"line":24,"column":null}},"3":{"start":{"line":28,"column":31},"end":{"line":31,"column":null}}},"fnMap":{},"branchMap":{},"s":{"0":1,"1":1,"2":1,"3":1},"f":{},"b":{}}
,"/Users/dsmac/Desktop/Learning/Launch School/capstone/react/shopping_cart_boilerplate/client/src/utils/index.ts": {"path":"/Users/dsmac/Desktop/Learning/Launch School/capstone/react/shopping_cart_boilerplate/client/src/utils/index.ts","statementMap":{"0":{"start":{"line":4,"column":28},"end":{"line":21,"column":null}},"1":{"start":{"line":8,"column":2},"end":{"line":20,"column":null}},"2":{"start":{"line":9,"column":4},"end":{"line":19,"column":null}},"3":{"start":{"line":9,"column":39},"end":{"line":9,"column":72}},"4":{"start":{"line":10,"column":6},"end":{"line":16,"column":null}},"5":{"start":{"line":11,"column":8},"end":{"line":15,"column":null}},"6":{"start":{"line":12,"column":10},"end":{"line":12,"column":null}},"7":{"start":{"line":14,"column":10},"end":{"line":14,"column":null}},"8":{"start":{"line":18,"column":6},"end":{"line":18,"column":null}},"9":{"start":{"line":23,"column":25},"end":{"line":40,"column":null}},"10":{"start":{"line":27,"column":2},"end":{"line":39,"column":null}},"11":{"start":{"line":28,"column":4},"end":{"line":38,"column":null}},"12":{"start":{"line":28,"column":40},"end":{"line":28,"column":75}},"13":{"start":{"line":29,"column":6},"end":{"line":35,"column":null}},"14":{"start":{"line":30,"column":8},"end":{"line":34,"column":null}},"15":{"start":{"line":31,"column":10},"end":{"line":31,"column":null}},"16":{"start":{"line":33,"column":10},"end":{"line":33,"column":null}},"17":{"start":{"line":37,"column":6},"end":{"line":37,"column":null}}},"fnMap":{"0":{"name":"(anonymous_0)","decl":{"start":{"line":4,"column":28},"end":{"line":4,"column":null}},"loc":{"start":{"line":7,"column":5},"end":{"line":21,"column":null}}},"1":{"name":"(anonymous_1)","decl":{"start":{"line":8,"column":11},"end":{"line":8,"column":12}},"loc":{"start":{"line":8,"column":40},"end":{"line":20,"column":3}}},"2":{"name":"(anonymous_2)","decl":{"start":{"line":9,"column":26},"end":{"line":9,"column":27}},"loc":{"start":{"line":9,"column":39},"end":{"line":9,"column":72}}},"3":{"name":"(anonymous_3)","decl":{"start":{"line":10,"column":30},"end":{"line":10,"column":31}},"loc":{"start":{"line":10,"column":52},"end":{"line":16,"column":7}}},"4":{"name":"(anonymous_4)","decl":{"start":{"line":23,"column":25},"end":{"line":23,"column":null}},"loc":{"start":{"line":26,"column":5},"end":{"line":40,"column":null}}},"5":{"name":"(anonymous_5)","decl":{"start":{"line":27,"column":11},"end":{"line":27,"column":12}},"loc":{"start":{"line":27,"column":41},"end":{"line":39,"column":3}}},"6":{"name":"(anonymous_6)","decl":{"start":{"line":28,"column":26},"end":{"line":28,"column":27}},"loc":{"start":{"line":28,"column":40},"end":{"line":28,"column":75}}},"7":{"name":"(anonymous_7)","decl":{"start":{"line":29,"column":30},"end":{"line":29,"column":31}},"loc":{"start":{"line":29,"column":54},"end":{"line":35,"column":7}}}},"branchMap":{"0":{"loc":{"start":{"line":9,"column":4},"end":{"line":19,"column":null}},"type":"if","locations":[{"start":{"line":9,"column":4},"end":{"line":19,"column":null}},{"start":{"line":17,"column":11},"end":{"line":19,"column":null}}]},"1":{"loc":{"start":{"line":11,"column":8},"end":{"line":15,"column":null}},"type":"if","locations":[{"start":{"line":11,"column":8},"end":{"line":15,"column":null}},{"start":{"line":13,"column":15},"end":{"line":15,"column":null}}]},"2":{"loc":{"start":{"line":28,"column":4},"end":{"line":38,"column":null}},"type":"if","locations":[{"start":{"line":28,"column":4},"end":{"line":38,"column":null}},{"start":{"line":36,"column":11},"end":{"line":38,"column":null}}]},"3":{"loc":{"start":{"line":30,"column":8},"end":{"line":34,"column":null}},"type":"if","locations":[{"start":{"line":30,"column":8},"end":{"line":34,"column":null}},{"start":{"line":32,"column":15},"end":{"line":34,"column":null}}]}},"s":{"0":1,"1":3,"2":3,"3":2,"4":2,"5":4,"6":2,"7":2,"8":1,"9":1,"10":1,"11":1,"12":2,"13":1,"14":2,"15":1,"16":1,"17":0},"f":{"0":3,"1":3,"2":2,"3":4,"4":1,"5":1,"6":2,"7":2},"b":{"0":[2,1],"1":[2,2],"2":[1,0],"3":[1,1]}}
}
